<?xml version="1.0" encoding="UTF-8"?>
<!-- Generated by org.testng.reporters.JUnitXMLReporter -->
<testsuite hostname="piyush" ignored="0" name="Test" tests="6" failures="0" timestamp="13 Jul 2018 18:54:52 GMT" time="22.111" errors="0">
  <testcase name="Test1" time="1.415" classname="AutomationChallenge.TestChallenge"/>
  <testcase name="Test2" time="0.452" classname="AutomationChallenge.TestChallenge"/>
  <testcase name="Test3" time="1.041" classname="AutomationChallenge.TestChallenge"/>
  <testcase name="Test4" time="0.393" classname="AutomationChallenge.TestChallenge"/>
  <testcase name="Test5" time="4.588" classname="AutomationChallenge.TestChallenge"/>
  <testcase name="Test6" time="0.385" classname="AutomationChallenge.TestChallenge"/>
</testsuite> <!-- Test -->
