<?xml version="1.0" encoding="UTF-8"?>
<!-- Generated by org.testng.reporters.JUnitXMLReporter -->
<testsuite hostname="piyush" ignored="0" name="Default test" tests="6" failures="0" timestamp="13 Jul 2018 16:01:16 GMT" time="22.53" errors="0">
  <testcase name="Test1" time="1.365" classname="AutomationChallenge.TestChallenge"/>
  <testcase name="Test2" time="0.327" classname="AutomationChallenge.TestChallenge"/>
  <testcase name="Test3" time="0.979" classname="AutomationChallenge.TestChallenge"/>
  <testcase name="Test4" time="0.274" classname="AutomationChallenge.TestChallenge"/>
  <testcase name="Test5" time="7.114" classname="AutomationChallenge.TestChallenge"/>
  <testcase name="Test6" time="0.538" classname="AutomationChallenge.TestChallenge"/>
</testsuite> <!-- Default test -->
