<?xml version="1.0" encoding="UTF-8"?>
<testng-results skipped="0" failed="0" ignored="0" total="6" passed="6">
  <reporter-output>
  </reporter-output>
  <suite name="Suite" duration-ms="22111" started-at="2018-07-13T18:54:29Z" finished-at="2018-07-13T18:54:52Z">
    <groups>
    </groups>
    <test name="Test" duration-ms="22111" started-at="2018-07-13T18:54:29Z" finished-at="2018-07-13T18:54:52Z">
      <class name="AutomationChallenge.TestChallenge">
        <test-method status="PASS" signature="pageLoad()[pri:0, instance:AutomationChallenge.TestChallenge@5bfa9431]" name="pageLoad" is-config="true" duration-ms="10356" started-at="2018-07-13T18:54:29Z" finished-at="2018-07-13T18:54:40Z">
          <reporter-output>
          </reporter-output>
        </test-method> <!-- pageLoad -->
        <test-method status="PASS" signature="Test1(java.lang.String, java.lang.String)[pri:0, instance:AutomationChallenge.TestChallenge@5bfa9431]" name="Test1" duration-ms="1415" started-at="2018-07-13T18:54:40Z" data-provider="getData1" finished-at="2018-07-13T18:54:41Z">
          <params>
            <param index="0">
              <value>
                <![CDATA[pooja123@gmail.com]]>
              </value>
            </param>
            <param index="1">
              <value>
                <![CDATA[123456]]>
              </value>
            </param>
          </params>
          <reporter-output>
          </reporter-output>
        </test-method> <!-- Test1 -->
        <test-method status="PASS" signature="Test2()[pri:0, instance:AutomationChallenge.TestChallenge@5bfa9431]" name="Test2" duration-ms="452" started-at="2018-07-13T18:54:42Z" finished-at="2018-07-13T18:54:42Z">
          <reporter-output>
          </reporter-output>
        </test-method> <!-- Test2 -->
        <test-method status="PASS" signature="Test3()[pri:0, instance:AutomationChallenge.TestChallenge@5bfa9431]" name="Test3" duration-ms="1041" started-at="2018-07-13T18:54:43Z" finished-at="2018-07-13T18:54:44Z">
          <reporter-output>
          </reporter-output>
        </test-method> <!-- Test3 -->
        <test-method status="PASS" signature="Test4()[pri:0, instance:AutomationChallenge.TestChallenge@5bfa9431]" name="Test4" duration-ms="393" started-at="2018-07-13T18:54:44Z" finished-at="2018-07-13T18:54:45Z">
          <reporter-output>
          </reporter-output>
        </test-method> <!-- Test4 -->
        <test-method status="PASS" signature="Test5()[pri:0, instance:AutomationChallenge.TestChallenge@5bfa9431]" name="Test5" duration-ms="4588" started-at="2018-07-13T18:54:45Z" finished-at="2018-07-13T18:54:50Z">
          <reporter-output>
          </reporter-output>
        </test-method> <!-- Test5 -->
        <test-method status="PASS" signature="Test6()[pri:0, instance:AutomationChallenge.TestChallenge@5bfa9431]" name="Test6" duration-ms="385" started-at="2018-07-13T18:54:50Z" finished-at="2018-07-13T18:54:50Z">
          <reporter-output>
          </reporter-output>
        </test-method> <!-- Test6 -->
        <test-method status="PASS" signature="teardown()[pri:0, instance:AutomationChallenge.TestChallenge@5bfa9431]" name="teardown" is-config="true" duration-ms="819" started-at="2018-07-13T18:54:51Z" finished-at="2018-07-13T18:54:52Z">
          <reporter-output>
          </reporter-output>
        </test-method> <!-- teardown -->
      </class> <!-- AutomationChallenge.TestChallenge -->
    </test> <!-- Test -->
  </suite> <!-- Suite -->
</testng-results>
